SF:lib\core\constants\api_constants.dart
DA:6,2
DA:7,1
DA:8,1
LF:3
LH:3
end_of_record
SF:lib\core\error\exceptions.dart
DA:3,2
DA:8,2
DA:13,0
LF:3
LH:2
end_of_record
SF:lib\features\pokemon\data\datasources\pokemon_remote_data_source.dart
DA:20,1
DA:22,1
DA:28,1
DA:29,3
DA:31,2
DA:32,2
DA:33,1
DA:35,4
DA:36,1
DA:37,1
DA:38,2
DA:39,1
DA:40,1
DA:42,1
DA:43,2
DA:46,1
DA:47,2
DA:51,1
DA:54,1
DA:55,3
DA:57,2
DA:58,2
DA:59,1
DA:61,1
DA:62,2
DA:65,1
DA:66,2
LF:27
LH:27
end_of_record
SF:lib\features\pokemon\data\models\pokemon_model.dart
DA:4,2
DA:15,2
DA:16,2
DA:17,2
DA:18,2
DA:19,2
DA:20,2
DA:21,2
DA:22,8
DA:23,2
DA:24,2
DA:25,8
DA:26,2
DA:27,8
DA:29,0
DA:31,2
DA:32,6
DA:33,6
DA:34,6
DA:35,6
DA:36,6
DA:37,6
DA:42,1
DA:43,1
DA:44,1
DA:45,1
DA:46,1
DA:47,1
DA:48,1
DA:49,1
DA:50,1
DA:51,1
LF:32
LH:31
end_of_record
SF:lib\features\pokemon\data\models\pokemon_summary_model.dart
DA:4,2
DA:10,2
DA:11,2
DA:13,2
DA:15,2
DA:19,1
DA:20,1
DA:21,1
DA:22,1
DA:23,1
LF:10
LH:10
end_of_record
SF:lib\features\pokemon\domain\entities\pokemon_summary.dart
DA:8,2
DA:14,3
DA:15,12
LF:3
LH:3
end_of_record
SF:lib\core\error\failures.dart
DA:6,3
DA:8,1
DA:9,2
DA:13,1
DA:17,3
DA:21,0
LF:6
LH:5
end_of_record
SF:lib\core\network\network_info.dart
DA:6,0
LF:1
LH:0
end_of_record
SF:lib\features\pokemon\domain\entities\pokemon.dart
DA:13,2
DA:24,3
DA:26,27
LF:3
LH:3
end_of_record
SF:lib\features\pokemon\data\repositories\pokemon_repository_impl.dart
DA:14,1
DA:19,1
DA:24,2
DA:26,2
DA:30,1
DA:31,1
DA:32,3
DA:33,1
DA:34,3
DA:41,1
DA:43,2
DA:45,2
DA:46,1
DA:47,1
DA:48,3
DA:49,1
DA:50,3
LF:17
LH:17
end_of_record
SF:lib\features\pokemon\domain\usecases\get_pokemon_detail.dart
DA:9,1
DA:11,1
DA:12,2
LF:3
LH:3
end_of_record
SF:lib\features\pokemon\domain\usecases\get_pokemon_list.dart
DA:10,1
DA:12,1
DA:13,2
DA:14,1
DA:15,1
DA:24,2
DA:29,0
DA:30,0
LF:8
LH:6
end_of_record
SF:lib\features\pokemon\presentation\bloc\pokemon_detail\pokemon_detail_bloc.dart
DA:9,1
DA:10,2
DA:11,2
DA:14,1
DA:18,2
DA:20,3
DA:22,1
DA:23,4
DA:24,3
LF:9
LH:9
end_of_record
SF:lib\features\pokemon\presentation\bloc\pokemon_detail\pokemon_detail_event.dart
DA:4,1
DA:6,0
DA:7,0
DA:13,1
DA:15,0
DA:16,0
LF:6
LH:2
end_of_record
SF:lib\features\pokemon\presentation\bloc\pokemon_detail\pokemon_detail_state.dart
DA:5,1
DA:7,1
DA:8,1
DA:18,1
DA:20,1
DA:21,2
DA:27,1
DA:29,1
DA:30,2
LF:9
LH:9
end_of_record
SF:lib\features\pokemon\presentation\bloc\pokemon_list\pokemon_list_bloc.dart
DA:11,1
DA:12,2
DA:13,2
DA:14,2
DA:17,1
DA:21,2
DA:23,2
DA:27,1
DA:28,4
DA:29,3
DA:33,1
DA:37,1
DA:38,2
DA:42,2
DA:43,1
DA:45,2
DA:49,1
DA:50,4
DA:51,1
DA:52,1
DA:53,2
DA:55,2
DA:56,2
DA:57,1
LF:24
LH:24
end_of_record
SF:lib\features\pokemon\presentation\bloc\pokemon_list\pokemon_list_event.dart
DA:4,1
DA:6,0
DA:7,0
LF:3
LH:1
end_of_record
SF:lib\features\pokemon\presentation\bloc\pokemon_list\pokemon_list_state.dart
DA:5,1
DA:7,1
DA:8,1
DA:19,1
DA:24,1
DA:28,1
DA:29,1
DA:30,1
DA:34,1
DA:35,3
DA:41,1
DA:43,1
DA:44,2
LF:13
LH:13
end_of_record
SF:lib\features\pokemon\presentation\widgets\pokemon_stats.dart
DA:6,1
DA:8,1
DA:10,1
DA:11,4
DA:12,1
DA:14,1
DA:15,1
DA:16,1
DA:18,1
DA:19,2
DA:25,1
DA:27,1
DA:28,2
DA:34,1
DA:35,1
DA:36,2
DA:37,1
DA:38,1
DA:39,2
DA:47,1
DA:51,1
DA:53,1
DA:54,6
DA:55,1
DA:58,1
DA:59,1
DA:60,1
DA:61,1
LF:28
LH:28
end_of_record
SF:lib\features\pokemon\presentation\widgets\type_badge.dart
DA:6,1
DA:8,1
DA:9,2
DA:10,1
DA:12,1
DA:14,1
DA:16,1
DA:18,1
DA:20,0
DA:22,0
DA:24,0
DA:26,0
DA:28,0
DA:30,0
DA:32,0
DA:34,0
DA:36,0
DA:38,0
DA:40,0
DA:42,0
DA:44,0
DA:51,1
DA:53,1
DA:55,1
DA:56,1
DA:57,1
DA:59,1
DA:60,2
LF:28
LH:15
end_of_record
